# JRE version: OpenJDK Runtime Environment (11.0.12+7) (build 11.0.12+7-b1504.28-7817840)
# Java VM: OpenJDK 64-Bit Server VM (11.0.12+7-b1504.28-7817840, mixed mode, tiered, compressed oops, g1 gc, windows-amd64)
Heap:
 garbage-first heap   total 198656K, used 51694K [0x0000000081a00000, 0x0000000100000000)
  region size 1024K, 9 young (9216K), 9 survivors (9216K)
 Metaspace       used 67714K, capacity 68354K, committed 68432K, reserved 1110016K
  class space    used 7501K, capacity 7743K, committed 7756K, reserved 1048576K
GC Heap History (17 events):
Event: 0.448 GC heap before
{Heap before GC invocations=0 (full 0):
 garbage-first heap   total 131072K, used 27648K [0x0000000081a00000, 0x0000000100000000)
  region size 1024K, 24 young (24576K), 0 survivors (0K)
 Metaspace       used 12388K, capacity 12504K, committed 12800K, reserved 1060864K
  class space    used 1168K, capacity 1207K, committed 1280K, reserved 1048576K
}
Event: 0.450 GC heap after
{Heap after GC invocations=1 (full 0):
 garbage-first heap   total 131072K, used 5763K [0x0000000081a00000, 0x0000000100000000)
  region size 1024K, 3 young (3072K), 3 survivors (3072K)
 Metaspace       used 12388K, capacity 12504K, committed 12800K, reserved 1060864K
  class space    used 1168K, capacity 1207K, committed 1280K, reserved 1048576K
}
Event: 0.914 GC heap before
{Heap before GC invocations=1 (full 0):
 garbage-first heap   total 131072K, used 40579K [0x0000000081a00000, 0x0000000100000000)
  region size 1024K, 38 young (38912K), 3 survivors (3072K)
 Metaspace       used 20918K, capacity 21086K, committed 21296K, reserved 1069056K
  class space    used 2232K, capacity 2312K, committed 2432K, reserved 1048576K
}
Event: 0.923 GC heap after
{Heap after GC invocations=2 (full 0):
 garbage-first heap   total 131072K, used 9216K [0x0000000081a00000, 0x0000000100000000)
  region size 1024K, 6 young (6144K), 6 survivors (6144K)
 Metaspace       used 20918K, capacity 21086K, committed 21296K, reserved 1069056K
  class space    used 2232K, capacity 2312K, committed 2432K, reserved 1048576K
}
Event: 1.632 GC heap before
{Heap before GC invocations=3 (full 0):
 garbage-first heap   total 131072K, used 63488K [0x0000000081a00000, 0x0000000100000000)
  region size 1024K, 54 young (55296K), 6 survivors (6144K)
 Metaspace       used 32728K, capacity 33176K, committed 33456K, reserved 1079296K
  class space    used 4108K, capacity 4310K, committed 4352K, reserved 1048576K
}
Event: 1.644 GC heap after
{Heap after GC invocations=4 (full 0):
 garbage-first heap   total 131072K, used 20134K [0x0000000081a00000, 0x0000000100000000)
  region size 1024K, 7 young (7168K), 7 survivors (7168K)
 Metaspace       used 32728K, capacity 33176K, committed 33456K, reserved 1079296K
  class space    used 4108K, capacity 4310K, committed 4352K, reserved 1048576K
}
Event: 1.803 GC heap before
{Heap before GC invocations=4 (full 0):
 garbage-first heap   total 131072K, used 32422K [0x0000000081a00000, 0x0000000100000000)
  region size 1024K, 20 young (20480K), 7 survivors (7168K)
 Metaspace       used 35381K, capacity 35843K, committed 35920K, reserved 1081344K
  class space    used 4404K, capacity 4602K, committed 4608K, reserved 1048576K
}
Event: 1.816 GC heap after
{Heap after GC invocations=5 (full 0):
 garbage-first heap   total 131072K, used 22328K [0x0000000081a00000, 0x0000000100000000)
  region size 1024K, 2 young (2048K), 2 survivors (2048K)
 Metaspace       used 35381K, capacity 35843K, committed 35920K, reserved 1081344K
  class space    used 4404K, capacity 4602K, committed 4608K, reserved 1048576K
}
Event: 2.443 GC heap before
{Heap before GC invocations=6 (full 0):
 garbage-first heap   total 131072K, used 68408K [0x0000000081a00000, 0x0000000100000000)
  region size 1024K, 47 young (48128K), 2 survivors (2048K)
 Metaspace       used 45395K, capacity 45949K, committed 46236K, reserved 1089536K
  class space    used 5429K, capacity 5639K, committed 5708K, reserved 1048576K
}
Event: 2.452 GC heap after
{Heap after GC invocations=7 (full 0):
 garbage-first heap   total 160768K, used 25577K [0x0000000081a00000, 0x0000000100000000)
  region size 1024K, 5 young (5120K), 5 survivors (5120K)
 Metaspace       used 45395K, capacity 45949K, committed 46236K, reserved 1089536K
  class space    used 5429K, capacity 5639K, committed 5708K, reserved 1048576K
}
Event: 3.251 GC heap before
{Heap before GC invocations=7 (full 0):
 garbage-first heap   total 160768K, used 83945K [0x0000000081a00000, 0x0000000100000000)
  region size 1024K, 61 young (62464K), 5 survivors (5120K)
 Metaspace       used 50074K, capacity 50694K, committed 50844K, reserved 1093632K
  class space    used 5842K, capacity 6086K, committed 6220K, reserved 1048576K
}
Event: 3.265 GC heap after
{Heap after GC invocations=8 (full 0):
 garbage-first heap   total 160768K, used 32644K [0x0000000081a00000, 0x0000000100000000)
  region size 1024K, 8 young (8192K), 8 survivors (8192K)
 Metaspace       used 50074K, capacity 50694K, committed 50844K, reserved 1093632K
  class space    used 5842K, capacity 6086K, committed 6220K, reserved 1048576K
}
Event: 4.227 GC heap before
{Heap before GC invocations=8 (full 0):
 garbage-first heap   total 160768K, used 93060K [0x0000000081a00000, 0x0000000100000000)
  region size 1024K, 67 young (68608K), 8 survivors (8192K)
 Metaspace       used 54694K, capacity 55330K, committed 55580K, reserved 1097728K
  class space    used 6262K, capacity 6501K, committed 6604K, reserved 1048576K
}
Event: 4.247 GC heap after
{Heap after GC invocations=9 (full 0):
 garbage-first heap   total 160768K, used 41634K [0x0000000081a00000, 0x0000000100000000)
  region size 1024K, 9 young (9216K), 9 survivors (9216K)
 Metaspace       used 54694K, capacity 55330K, committed 55580K, reserved 1097728K
  class space    used 6262K, capacity 6501K, committed 6604K, reserved 1048576K
}
Event: 5.191 GC heap before
{Heap before GC invocations=9 (full 0):
 garbage-first heap   total 160768K, used 73378K [0x0000000081a00000, 0x0000000100000000)
  region size 1024K, 41 young (41984K), 9 survivors (9216K)
 Metaspace       used 59645K, capacity 60220K, committed 60316K, reserved 1103872K
  class space    used 6664K, capacity 6909K, committed 6988K, reserved 1048576K
}
Event: 5.209 GC heap after
{Heap after GC invocations=10 (full 0):
 garbage-first heap   total 160768K, used 45557K [0x0000000081a00000, 0x0000000100000000)
  region size 1024K, 5 young (5120K), 5 survivors (5120K)
 Metaspace       used 59645K, capacity 60220K, committed 60316K, reserved 1103872K
  class space    used 6664K, capacity 6909K, committed 6988K, reserved 1048576K
}
Event: 6.072 GC heap before
{Heap before GC invocations=11 (full 0):
 garbage-first heap   total 160768K, used 106997K [0x0000000081a00000, 0x0000000100000000)
  region size 1024K, 65 young (66560K), 5 survivors (5120K)
 Metaspace       used 67714K, capacity 68354K, committed 68432K, reserved 1110016K
  class space    used 7501K, capacity 7743K, committed 7756K, reserved 1048576K
}

