# JRE version: OpenJDK Runtime Environment (11.0.12+7) (build 11.0.12+7-b1504.28-7817840)
# Java VM: OpenJDK 64-Bit Server VM (11.0.12+7-b1504.28-7817840, mixed mode, tiered, compressed oops, g1 gc, windows-amd64)
Heap:
 garbage-first heap   total 160768K, used 50510K [0x0000000081a00000, 0x0000000100000000)
  region size 1024K, 9 young (9216K), 3 survivors (3072K)
 Metaspace       used 60890K, capacity 61470K, committed 61648K, reserved 1103872K
  class space    used 6827K, capacity 7070K, committed 7116K, reserved 1048576K
GC Heap History (16 events):
Event: 0.440 GC heap before
{Heap before GC invocations=0 (full 0):
 garbage-first heap   total 131072K, used 27648K [0x0000000081a00000, 0x0000000100000000)
  region size 1024K, 24 young (24576K), 0 survivors (0K)
 Metaspace       used 12389K, capacity 12504K, committed 12800K, reserved 1060864K
  class space    used 1168K, capacity 1207K, committed 1280K, reserved 1048576K
}
Event: 0.443 GC heap after
{Heap after GC invocations=1 (full 0):
 garbage-first heap   total 131072K, used 5762K [0x0000000081a00000, 0x0000000100000000)
  region size 1024K, 3 young (3072K), 3 survivors (3072K)
 Metaspace       used 12389K, capacity 12504K, committed 12800K, reserved 1060864K
  class space    used 1168K, capacity 1207K, committed 1280K, reserved 1048576K
}
Event: 0.908 GC heap before
{Heap before GC invocations=1 (full 0):
 garbage-first heap   total 131072K, used 40578K [0x0000000081a00000, 0x0000000100000000)
  region size 1024K, 38 young (38912K), 3 survivors (3072K)
 Metaspace       used 20921K, capacity 21086K, committed 21296K, reserved 1069056K
  class space    used 2229K, capacity 2312K, committed 2432K, reserved 1048576K
}
Event: 0.917 GC heap after
{Heap after GC invocations=2 (full 0):
 garbage-first heap   total 131072K, used 9216K [0x0000000081a00000, 0x0000000100000000)
  region size 1024K, 6 young (6144K), 6 survivors (6144K)
 Metaspace       used 20921K, capacity 21086K, committed 21296K, reserved 1069056K
  class space    used 2229K, capacity 2312K, committed 2432K, reserved 1048576K
}
Event: 1.593 GC heap before
{Heap before GC invocations=3 (full 0):
 garbage-first heap   total 131072K, used 63488K [0x0000000081a00000, 0x0000000100000000)
  region size 1024K, 54 young (55296K), 6 survivors (6144K)
 Metaspace       used 32705K, capacity 33176K, committed 33456K, reserved 1079296K
  class space    used 4106K, capacity 4310K, committed 4352K, reserved 1048576K
}
Event: 1.604 GC heap after
{Heap after GC invocations=4 (full 0):
 garbage-first heap   total 131072K, used 19916K [0x0000000081a00000, 0x0000000100000000)
  region size 1024K, 7 young (7168K), 7 survivors (7168K)
 Metaspace       used 32705K, capacity 33176K, committed 33456K, reserved 1079296K
  class space    used 4106K, capacity 4310K, committed 4352K, reserved 1048576K
}
Event: 1.749 GC heap before
{Heap before GC invocations=4 (full 0):
 garbage-first heap   total 131072K, used 32204K [0x0000000081a00000, 0x0000000100000000)
  region size 1024K, 20 young (20480K), 7 survivors (7168K)
 Metaspace       used 35389K, capacity 35843K, committed 35920K, reserved 1081344K
  class space    used 4401K, capacity 4602K, committed 4608K, reserved 1048576K
}
Event: 1.762 GC heap after
{Heap after GC invocations=5 (full 0):
 garbage-first heap   total 131072K, used 21991K [0x0000000081a00000, 0x0000000100000000)
  region size 1024K, 2 young (2048K), 2 survivors (2048K)
 Metaspace       used 35389K, capacity 35843K, committed 35920K, reserved 1081344K
  class space    used 4401K, capacity 4602K, committed 4608K, reserved 1048576K
}
Event: 2.343 GC heap before
{Heap before GC invocations=6 (full 0):
 garbage-first heap   total 131072K, used 68071K [0x0000000081a00000, 0x0000000100000000)
  region size 1024K, 47 young (48128K), 2 survivors (2048K)
 Metaspace       used 45381K, capacity 45885K, committed 45980K, reserved 1089536K
  class space    used 5428K, capacity 5639K, committed 5708K, reserved 1048576K
}
Event: 2.350 GC heap after
{Heap after GC invocations=7 (full 0):
 garbage-first heap   total 160768K, used 25400K [0x0000000081a00000, 0x0000000100000000)
  region size 1024K, 6 young (6144K), 6 survivors (6144K)
 Metaspace       used 45381K, capacity 45885K, committed 45980K, reserved 1089536K
  class space    used 5428K, capacity 5639K, committed 5708K, reserved 1048576K
}
Event: 3.012 GC heap before
{Heap before GC invocations=7 (full 0):
 garbage-first heap   total 160768K, used 83768K [0x0000000081a00000, 0x0000000100000000)
  region size 1024K, 62 young (63488K), 6 survivors (6144K)
 Metaspace       used 50046K, capacity 50630K, committed 50844K, reserved 1093632K
  class space    used 5842K, capacity 6086K, committed 6220K, reserved 1048576K
}
Event: 3.026 GC heap after
{Heap after GC invocations=8 (full 0):
 garbage-first heap   total 160768K, used 32339K [0x0000000081a00000, 0x0000000100000000)
  region size 1024K, 8 young (8192K), 8 survivors (8192K)
 Metaspace       used 50046K, capacity 50630K, committed 50844K, reserved 1093632K
  class space    used 5842K, capacity 6086K, committed 6220K, reserved 1048576K
}
Event: 4.263 GC heap before
{Heap before GC invocations=8 (full 0):
 garbage-first heap   total 160768K, used 104019K [0x0000000081a00000, 0x0000000100000000)
  region size 1024K, 78 young (79872K), 8 survivors (8192K)
 Metaspace       used 55734K, capacity 56342K, committed 56604K, reserved 1099776K
  class space    used 6326K, capacity 6577K, committed 6604K, reserved 1048576K
}
Event: 4.290 GC heap after
{Heap after GC invocations=9 (full 0):
 garbage-first heap   total 160768K, used 42196K [0x0000000081a00000, 0x0000000100000000)
  region size 1024K, 10 young (10240K), 10 survivors (10240K)
 Metaspace       used 55734K, capacity 56342K, committed 56604K, reserved 1099776K
  class space    used 6326K, capacity 6577K, committed 6604K, reserved 1048576K
}
Event: 4.760 GC heap before
{Heap before GC invocations=9 (full 0):
 garbage-first heap   total 160768K, used 62676K [0x0000000081a00000, 0x0000000100000000)
  region size 1024K, 31 young (31744K), 10 survivors (10240K)
 Metaspace       used 59654K, capacity 60251K, committed 60316K, reserved 1103872K
  class space    used 6674K, capacity 6941K, committed 6988K, reserved 1048576K
}
Event: 4.789 GC heap after
{Heap after GC invocations=10 (full 0):
 garbage-first heap   total 160768K, used 45390K [0x0000000081a00000, 0x0000000100000000)
  region size 1024K, 3 young (3072K), 3 survivors (3072K)
 Metaspace       used 59654K, capacity 60251K, committed 60316K, reserved 1103872K
  class space    used 6674K, capacity 6941K, committed 6988K, reserved 1048576K
}

